[     144ms] [LOG] [Fast Refresh] rebuilding @ http://localhost:3000/_next/static/chunks/node_modules_next_dist_1ybzpk2._.js:2477
[    7795ms] [LOG] [Fast Refresh] done in 7752ms @ http://localhost:3000/_next/static/chunks/node_modules_next_dist_1ybzpk2._.js:2477
[    8674ms] [INFO] %cDownload the React DevTools for a better development experience: https://react.dev/link/react-devtools font-weight:bold @ http://localhost:3000/_next/static/chunks/node_modules_next_dist_1ybzpk2._.js:2477
[    8782ms] [LOG] [HMR] connected @ http://localhost:3000/_next/static/chunks/node_modules_next_dist_1ybzpk2._.js:2477
[  106256ms] [LOG] [Fast Refresh] rebuilding @ http://localhost:3000/_next/static/chunks/node_modules_next_dist_1ybzpk2._.js:2477
[  106646ms] [LOG] [Fast Refresh] done in 62ms @ http://localhost:3000/_next/static/chunks/node_modules_next_dist_1ybzpk2._.js:2477
[  121282ms] [LOG] [Fast Refresh] rebuilding @ http://localhost:3000/_next/static/chunks/node_modules_next_dist_1ybzpk2._.js:2477
[  121310ms] [LOG] [Fast Refresh] done in 66ms @ http://localhost:3000/_next/static/chunks/node_modules_next_dist_1ybzpk2._.js:2477
[  126217ms] [LOG] [Fast Refresh] rebuilding @ http://localhost:3000/_next/static/chunks/node_modules_next_dist_1ybzpk2._.js:2477
[  127330ms] [LOG] [Fast Refresh] done in 915ms @ http://localhost:3000/_next/static/chunks/node_modules_next_dist_1ybzpk2._.js:2477
[  127496ms] [LOG] [Fast Refresh] rebuilding @ http://localhost:3000/_next/static/chunks/node_modules_next_dist_1ybzpk2._.js:2477
[  127909ms] [LOG] [Fast Refresh] done in 512ms @ http://localhost:3000/_next/static/chunks/node_modules_next_dist_1ybzpk2._.js:2477
[  128032ms] [LOG] [Fast Refresh] rebuilding @ http://localhost:3000/_next/static/chunks/node_modules_next_dist_1ybzpk2._.js:2477
[  128141ms] [LOG] [Fast Refresh] done in 210ms @ http://localhost:3000/_next/static/chunks/node_modules_next_dist_1ybzpk2._.js:2477
[  145310ms] [LOG] [Fast Refresh] rebuilding @ http://localhost:3000/_next/static/chunks/node_modules_next_dist_1ybzpk2._.js:2477
[  145343ms] [LOG] [Fast Refresh] done in 99ms @ http://localhost:3000/_next/static/chunks/node_modules_next_dist_1ybzpk2._.js:2477
[  145388ms] [LOG] [Fast Refresh] rebuilding @ http://localhost:3000/_next/static/chunks/node_modules_next_dist_1ybzpk2._.js:2477
[  145953ms] [LOG] [Fast Refresh] done in 130ms @ http://localhost:3000/_next/static/chunks/node_modules_next_dist_1ybzpk2._.js:2477
[  146096ms] [LOG] [Fast Refresh] rebuilding @ http://localhost:3000/_next/static/chunks/node_modules_next_dist_1ybzpk2._.js:2477
[  146278ms] [LOG] [Fast Refresh] done in 283ms @ http://localhost:3000/_next/static/chunks/node_modules_next_dist_1ybzpk2._.js:2477
[  147215ms] [LOG] [Fast Refresh] rebuilding @ http://localhost:3000/_next/static/chunks/node_modules_next_dist_1ybzpk2._.js:2477
[  147243ms] [LOG] [Fast Refresh] done in 77ms @ http://localhost:3000/_next/static/chunks/node_modules_next_dist_1ybzpk2._.js:2477
[  147377ms] [LOG] [Fast Refresh] rebuilding @ http://localhost:3000/_next/static/chunks/node_modules_next_dist_1ybzpk2._.js:2477
[  147459ms] [LOG] [Fast Refresh] done in 181ms @ http://localhost:3000/_next/static/chunks/node_modules_next_dist_1ybzpk2._.js:2477
[  148083ms] [LOG] [Fast Refresh] rebuilding @ http://localhost:3000/_next/static/chunks/node_modules_next_dist_1ybzpk2._.js:2477
[  148169ms] [LOG] [Fast Refresh] done in 188ms @ http://localhost:3000/_next/static/chunks/node_modules_next_dist_1ybzpk2._.js:2477
[  149011ms] [LOG] [Fast Refresh] rebuilding @ http://localhost:3000/_next/static/chunks/node_modules_next_dist_1ybzpk2._.js:2477
[  149218ms] [LOG] [Fast Refresh] done in 30ms @ http://localhost:3000/_next/static/chunks/node_modules_next_dist_1ybzpk2._.js:2477
[  150779ms] [LOG] [Fast Refresh] rebuilding @ http://localhost:3000/_next/static/chunks/node_modules_next_dist_1ybzpk2._.js:2477
[  150888ms] [ERROR] ./apps/web/src/app/sources/page.tsx:5:1
Module not found: Can't resolve 'remark-gfm'
  3 | import path from "node:path";
  4 | import Markdown from "react-markdown";
> 5 | import remarkGfm from "remark-gfm";
    | ^^^^^^^^^^^^^^^^^^^^^^^^^^^^^^^^^^^
  6 |
  7 | export const dynamic = "force-dynamic";
  8 |

https://nextjs.org/docs/messages/module-not-found @ http://localhost:3000/_next/static/chunks/node_modules_next_dist_1ybzpk2._.js:3318
[  151497ms] [ERROR] ./apps/web/src/app/sources/page.tsx:5:1
Module not found: Can't resolve 'remark-gfm'
  3 | import path from "node:path";
  4 | import Markdown from "react-markdown";
> 5 | import remarkGfm from "remark-gfm";
    | ^^^^^^^^^^^^^^^^^^^^^^^^^^^^^^^^^^^
  6 |
  7 | export const dynamic = "force-dynamic";
  8 |

https://nextjs.org/docs/messages/module-not-found @ http://localhost:3000/_next/static/chunks/node_modules_next_dist_1ybzpk2._.js:3318
[  151499ms] [LOG] [Fast Refresh] rebuilding @ http://localhost:3000/_next/static/chunks/node_modules_next_dist_1ybzpk2._.js:2477
[  152231ms] [ERROR] ./apps/web/src/app/sources/page.tsx:5:1
Module not found: Can't resolve 'remark-gfm'
  3 | import path from "node:path";
  4 | import Markdown from "react-markdown";
> 5 | import remarkGfm from "remark-gfm";
    | ^^^^^^^^^^^^^^^^^^^^^^^^^^^^^^^^^^^
  6 |
  7 | export const dynamic = "force-dynamic";
  8 |

https://nextjs.org/docs/messages/module-not-found @ http://localhost:3000/_next/static/chunks/node_modules_next_dist_1ybzpk2._.js:3318
[  152296ms] [ERROR] ./apps/web/src/app/sources/page.tsx:5:1
Module not found: Can't resolve 'remark-gfm'
  3 | import path from "node:path";
  4 | import Markdown from "react-markdown";
> 5 | import remarkGfm from "remark-gfm";
    | ^^^^^^^^^^^^^^^^^^^^^^^^^^^^^^^^^^^
  6 |
  7 | export const dynamic = "force-dynamic";
  8 |

https://nextjs.org/docs/messages/module-not-found @ http://localhost:3000/_next/static/chunks/node_modules_next_dist_1ybzpk2._.js:3318
[  152325ms] [LOG] [Fast Refresh] rebuilding @ http://localhost:3000/_next/static/chunks/node_modules_next_dist_1ybzpk2._.js:2477
[  157488ms] [ERROR] ./apps/web/src/app/sources/page.tsx:5:1
Module not found: Can't resolve 'remark-gfm'
  3 | import path from "node:path";
  4 | import Markdown from "react-markdown";
> 5 | import remarkGfm from "remark-gfm";
    | ^^^^^^^^^^^^^^^^^^^^^^^^^^^^^^^^^^^
  6 |
  7 | export const dynamic = "force-dynamic";
  8 |

https://nextjs.org/docs/messages/module-not-found @ http://localhost:3000/_next/static/chunks/node_modules_next_dist_1ybzpk2._.js:3318
[  157812ms] [ERROR] Failed to load resource: the server responded with a status of 500 (Internal Server Error) @ http://localhost:3000/sources?_rsc=ACsAs-PzBtcc0W2H:0
[  157873ms] [ERROR] ./apps/web/src/app/sources/page.tsx:5:1
Module not found: Can't resolve 'remark-gfm'
  3 | import path from "node:path";
  4 | import Markdown from "react-markdown";
> 5 | import remarkGfm from "remark-gfm";
    | ^^^^^^^^^^^^^^^^^^^^^^^^^^^^^^^^^^^
  6 |
  7 | export const dynamic = "force-dynamic";
  8 |

https://nextjs.org/docs/messages/module-not-found @ http://localhost:3000/_next/static/chunks/node_modules_next_dist_1ybzpk2._.js:3318
[  157876ms] [ERROR] Failed to load resource: the server responded with a status of 500 (Internal Server Error) @ http://localhost:3000/sources?_rsc=ACsAs-PzBtcc0W2H:0
[  157960ms] [ERROR] ./apps/web/src/app/sources/page.tsx:5:1
Module not found: Can't resolve 'remark-gfm'
  3 | import path from "node:path";
  4 | import Markdown from "react-markdown";
> 5 | import remarkGfm from "remark-gfm";
    | ^^^^^^^^^^^^^^^^^^^^^^^^^^^^^^^^^^^
  6 |
  7 | export const dynamic = "force-dynamic";
  8 |

https://nextjs.org/docs/messages/module-not-found @ http://localhost:3000/_next/static/chunks/node_modules_next_dist_1ybzpk2._.js:3318
[  158001ms] [LOG] [Fast Refresh] rebuilding @ http://localhost:3000/_next/static/chunks/node_modules_next_dist_1ybzpk2._.js:2477
[  158025ms] [ERROR] Failed to load resource: the server responded with a status of 500 (Internal Server Error) @ http://localhost:3000/sources?_rsc=ACsAs-PzBtcc0W2H:0
[  158194ms] [ERROR] Failed to load resource: the server responded with a status of 500 (Internal Server Error) @ http://localhost:3000/sources:0
[  158970ms] [INFO] %cDownload the React DevTools for a better development experience: https://react.dev/link/react-devtools font-weight:bold @ http://localhost:3000/_next/static/chunks/node_modules_react-dom_0kla17-._.js:15305
[  159243ms] Error: ./apps/web/src/app/sources/page.tsx:5:1
Module not found: Can't resolve 'remark-gfm'
  3 | import path from "node:path";
  4 | import Markdown from "react-markdown";
> 5 | import remarkGfm from "remark-gfm";
    | ^^^^^^^^^^^^^^^^^^^^^^^^^^^^^^^^^^^
  6 |
  7 | export const dynamic = "force-dynamic";
  8 |



https://nextjs.org/docs/messages/module-not-found


    at <unknown> (Error: ./apps/web/src/app/sources/page.tsx:5:1)
    at <unknown> (https://nextjs.org/docs/messages/module-not-found)
    at Object.getCompilationErrors (file:///home/neil/Projects/LocalFinds/node_modules/next/dist/server/dev/hot-reloader-turbopack.js:1186:59)
    at DevBundlerService.getCompilationError (file:///home/neil/Projects/LocalFinds/node_modules/next/dist/server/lib/dev-bundler-service.js:44:55)
    at DevServer.getCompilationError (file:///home/neil/Projects/LocalFinds/node_modules/next/dist/server/dev/next-dev-server.js:720:42)
    at DevServer.findPageComponents (file:///home/neil/Projects/LocalFinds/node_modules/next/dist/server/dev/next-dev-server.js:690:43)
    at async DevServer.renderErrorToResponseImpl (file:///home/neil/Projects/LocalFinds/node_modules/next/dist/server/base-server.js:1753:26)
[  159246ms] [LOG] [HMR] connected @ http://localhost:3000/_next/static/chunks/node_modules_next_dist_1gdrd03._.js:1226
[  159265ms] [ERROR] ./apps/web/src/app/sources/page.tsx:5:1
Module not found: Can't resolve 'remark-gfm'
  3 | import path from "node:path";
  4 | import Markdown from "react-markdown";
> 5 | import remarkGfm from "remark-gfm";
    | ^^^^^^^^^^^^^^^^^^^^^^^^^^^^^^^^^^^
  6 |
  7 | export const dynamic = "force-dynamic";
  8 |

https://nextjs.org/docs/messages/module-not-found @ http://localhost:3000/_next/static/chunks/node_modules_next_dist_1gdrd03._.js:1945
[  159386ms] [ERROR] ./apps/web/src/app/sources/page.tsx:5:1
Module not found: Can't resolve 'remark-gfm'
  3 | import path from "node:path";
  4 | import Markdown from "react-markdown";
> 5 | import remarkGfm from "remark-gfm";
    | ^^^^^^^^^^^^^^^^^^^^^^^^^^^^^^^^^^^
  6 |
  7 | export const dynamic = "force-dynamic";
  8 |

https://nextjs.org/docs/messages/module-not-found @ http://localhost:3000/_next/static/chunks/node_modules_next_dist_1gdrd03._.js:1945
[  159492ms] [LOG] [Fast Refresh] rebuilding @ http://localhost:3000/_next/static/chunks/node_modules_next_dist_1gdrd03._.js:1226
[  159510ms] [ERROR] ./apps/web/src/app/sources/page.tsx:5:1
Module not found: Can't resolve 'remark-gfm'
  3 | import path from "node:path";
  4 | import Markdown from "react-markdown";
> 5 | import remarkGfm from "remark-gfm";
    | ^^^^^^^^^^^^^^^^^^^^^^^^^^^^^^^^^^^
  6 |
  7 | export const dynamic = "force-dynamic";
  8 |

https://nextjs.org/docs/messages/module-not-found @ http://localhost:3000/_next/static/chunks/node_modules_next_dist_1gdrd03._.js:1945
[  160185ms] [LOG] [Fast Refresh] rebuilding @ http://localhost:3000/_next/static/chunks/node_modules_next_dist_1gdrd03._.js:1226
[  160188ms] [ERROR] ./apps/web/src/app/sources/page.tsx:5:1
Module not found: Can't resolve 'remark-gfm'
  3 | import path from "node:path";
  4 | import Markdown from "react-markdown";
> 5 | import remarkGfm from "remark-gfm";
    | ^^^^^^^^^^^^^^^^^^^^^^^^^^^^^^^^^^^
  6 |
  7 | export const dynamic = "force-dynamic";
  8 |

https://nextjs.org/docs/messages/module-not-found @ http://localhost:3000/_next/static/chunks/node_modules_next_dist_1gdrd03._.js:1945
[  176366ms] [ERROR] ./apps/web/src/app/sources/page.tsx:5:1
Module not found: Can't resolve 'remark-gfm'
  3 | import path from "node:path";
  4 | import Markdown from "react-markdown";
> 5 | import remarkGfm from "remark-gfm";
    | ^^^^^^^^^^^^^^^^^^^^^^^^^^^^^^^^^^^
  6 |
  7 | export const dynamic = "force-dynamic";
  8 |

https://nextjs.org/docs/messages/module-not-found @ http://localhost:3000/_next/static/chunks/node_modules_next_dist_1gdrd03._.js:1945
[  176417ms] [LOG] [Fast Refresh] rebuilding @ http://localhost:3000/_next/static/chunks/node_modules_next_dist_1gdrd03._.js:1226
[  176477ms] [ERROR] ./apps/web/src/app/sources/page.tsx:5:1
Module not found: Can't resolve 'remark-gfm'
  3 | import path from "node:path";
  4 | import Markdown from "react-markdown";
> 5 | import remarkGfm from "remark-gfm";
    | ^^^^^^^^^^^^^^^^^^^^^^^^^^^^^^^^^^^
  6 |
  7 | export const dynamic = "force-dynamic";
  8 |

https://nextjs.org/docs/messages/module-not-found @ http://localhost:3000/_next/static/chunks/node_modules_next_dist_1gdrd03._.js:1945
[  176518ms] [LOG] [Fast Refresh] rebuilding @ http://localhost:3000/_next/static/chunks/node_modules_next_dist_1gdrd03._.js:1226
[  178195ms] [ERROR] ./apps/web/src/app/sources/page.tsx:5:1
Module not found: Can't resolve 'remark-gfm'
  3 | import path from "node:path";
  4 | import Markdown from "react-markdown";
> 5 | import remarkGfm from "remark-gfm";
    | ^^^^^^^^^^^^^^^^^^^^^^^^^^^^^^^^^^^
  6 |
  7 | export const dynamic = "force-dynamic";
  8 |

https://nextjs.org/docs/messages/module-not-found @ http://localhost:3000/_next/static/chunks/node_modules_next_dist_1gdrd03._.js:1945
[  178310ms] [ERROR] ./apps/web/src/app/sources/page.tsx:5:1
Module not found: Can't resolve 'remark-gfm'
  3 | import path from "node:path";
  4 | import Markdown from "react-markdown";
> 5 | import remarkGfm from "remark-gfm";
    | ^^^^^^^^^^^^^^^^^^^^^^^^^^^^^^^^^^^
  6 |
  7 | export const dynamic = "force-dynamic";
  8 |

https://nextjs.org/docs/messages/module-not-found @ http://localhost:3000/_next/static/chunks/node_modules_next_dist_1gdrd03._.js:1945
[  178348ms] [LOG] [Fast Refresh] rebuilding @ http://localhost:3000/_next/static/chunks/node_modules_next_dist_1gdrd03._.js:1226
[  179181ms] [LOG] [Fast Refresh] rebuilding @ http://localhost:3000/_next/static/chunks/node_modules_next_dist_1gdrd03._.js:1226
[  179297ms] [ERROR] ./apps/web/src/app/globals.css
Error evaluating Node.js code
CssSyntaxError: tailwindcss: /home/neil/Projects/LocalFinds/apps/web/src/app/globals.css:1:1: Can't resolve '@tailwindcss/typography' in '/home/neil/Projects/LocalFinds/apps/web/src/app'
    [at error (turbopack:///[project]/node_modules/postcss/lib/input.js:135:16)]
    [at error (turbopack:///[project]/node_modules/postcss/lib/node.js:146:32)]
    [at Object.Once (/home/neil/Projects/LocalFinds/node_modules/@tailwindcss/postcss/dist/index.js:10:6918)]
    [at LazyResult.runAsync (turbopack:///[project]/node_modules/postcss/lib/lazy-result.js:293:11)]
    [at transform (turbopack:///[turbopack-node]/transforms/postcss.ts:70:34)]
    [at run (turbopack:///[turbopack-node]/child_process/evaluate.ts:89:23)]

Import trace:
  Client Component Browser:
    ./apps/web/src/app/globals.css [Client Component Browser]
    ./apps/web/src/app/layout.tsx [Server Component] @ http://localhost:3000/_next/static/chunks/node_modules_next_dist_1gdrd03._.js:1945
[  179298ms] [ERROR] ./apps/web/src/app/sources/page.tsx:5:1
Module not found: Can't resolve 'remark-gfm'
  3 | import path from "node:path";
  4 | import Markdown from "react-markdown";
> 5 | import remarkGfm from "remark-gfm";
    | ^^^^^^^^^^^^^^^^^^^^^^^^^^^^^^^^^^^
  6 |
  7 | export const dynamic = "force-dynamic";
  8 |

https://nextjs.org/docs/messages/module-not-found @ http://localhost:3000/_next/static/chunks/node_modules_next_dist_1gdrd03._.js:1945
[  181112ms] [ERROR] ./apps/web/src/app/globals.css
Error evaluating Node.js code
CssSyntaxError: tailwindcss: /home/neil/Projects/LocalFinds/apps/web/src/app/globals.css:1:1: Can't resolve '@tailwindcss/typography' in '/home/neil/Projects/LocalFinds/apps/web/src/app'
    [at error (turbopack:///[project]/node_modules/postcss/lib/input.js:135:16)]
    [at error (turbopack:///[project]/node_modules/postcss/lib/node.js:146:32)]
    [at Object.Once (/home/neil/Projects/LocalFinds/node_modules/@tailwindcss/postcss/dist/index.js:10:6918)]
    [at LazyResult.runAsync (turbopack:///[project]/node_modules/postcss/lib/lazy-result.js:293:11)]
    [at transform (turbopack:///[turbopack-node]/transforms/postcss.ts:70:34)]
    [at run (turbopack:///[turbopack-node]/child_process/evaluate.ts:89:23)]

Import trace:
  Client Component Browser:
    ./apps/web/src/app/globals.css [Client Component Browser]
    ./apps/web/src/app/layout.tsx [Server Component] @ http://localhost:3000/_next/static/chunks/node_modules_next_dist_1gdrd03._.js:1945
[  181113ms] [ERROR] ./apps/web/src/app/sources/page.tsx:5:1
Module not found: Can't resolve 'remark-gfm'
  3 | import path from "node:path";
  4 | import Markdown from "react-markdown";
> 5 | import remarkGfm from "remark-gfm";
    | ^^^^^^^^^^^^^^^^^^^^^^^^^^^^^^^^^^^
  6 |
  7 | export const dynamic = "force-dynamic";
  8 |

https://nextjs.org/docs/messages/module-not-found @ http://localhost:3000/_next/static/chunks/node_modules_next_dist_1gdrd03._.js:1945
[  181156ms] [ERROR] ./apps/web/src/app/globals.css
Error evaluating Node.js code
CssSyntaxError: tailwindcss: /home/neil/Projects/LocalFinds/apps/web/src/app/globals.css:1:1: Can't resolve '@tailwindcss/typography' in '/home/neil/Projects/LocalFinds/apps/web/src/app'
    [at error (turbopack:///[project]/node_modules/postcss/lib/input.js:135:16)]
    [at error (turbopack:///[project]/node_modules/postcss/lib/node.js:146:32)]
    [at Object.Once (/home/neil/Projects/LocalFinds/node_modules/@tailwindcss/postcss/dist/index.js:10:6918)]
    [at LazyResult.runAsync (turbopack:///[project]/node_modules/postcss/lib/lazy-result.js:293:11)]
    [at transform (turbopack:///[turbopack-node]/transforms/postcss.ts:70:34)]
    [at run (turbopack:///[turbopack-node]/child_process/evaluate.ts:89:23)]

Import trace:
  Client Component Browser:
    ./apps/web/src/app/globals.css [Client Component Browser]
    ./apps/web/src/app/layout.tsx [Server Component] @ http://localhost:3000/_next/static/chunks/node_modules_next_dist_1gdrd03._.js:1945
[  181157ms] [ERROR] ./apps/web/src/app/sources/page.tsx:5:1
Module not found: Can't resolve 'remark-gfm'
  3 | import path from "node:path";
  4 | import Markdown from "react-markdown";
> 5 | import remarkGfm from "remark-gfm";
    | ^^^^^^^^^^^^^^^^^^^^^^^^^^^^^^^^^^^
  6 |
  7 | export const dynamic = "force-dynamic";
  8 |

https://nextjs.org/docs/messages/module-not-found @ http://localhost:3000/_next/static/chunks/node_modules_next_dist_1gdrd03._.js:1945
[  181218ms] [LOG] [Fast Refresh] rebuilding @ http://localhost:3000/_next/static/chunks/node_modules_next_dist_1gdrd03._.js:1226
[  182913ms] [ERROR] ./apps/web/src/app/globals.css
Error evaluating Node.js code
CssSyntaxError: tailwindcss: /home/neil/Projects/LocalFinds/apps/web/src/app/globals.css:1:1: Can't resolve '@tailwindcss/typography' in '/home/neil/Projects/LocalFinds/apps/web/src/app'
    [at error (turbopack:///[project]/node_modules/postcss/lib/input.js:135:16)]
    [at error (turbopack:///[project]/node_modules/postcss/lib/node.js:146:32)]
    [at Object.Once (/home/neil/Projects/LocalFinds/node_modules/@tailwindcss/postcss/dist/index.js:10:6918)]
    [at LazyResult.runAsync (turbopack:///[project]/node_modules/postcss/lib/lazy-result.js:293:11)]
    [at transform (turbopack:///[turbopack-node]/transforms/postcss.ts:70:34)]
    [at run (turbopack:///[turbopack-node]/child_process/evaluate.ts:89:23)]

Import trace:
  Client Component Browser:
    ./apps/web/src/app/globals.css [Client Component Browser]
    ./apps/web/src/app/layout.tsx [Server Component] @ http://localhost:3000/_next/static/chunks/node_modules_next_dist_1gdrd03._.js:1945
[  182914ms] [ERROR] ./apps/web/src/app/sources/page.tsx:5:1
Module not found: Can't resolve 'remark-gfm'
  3 | import path from "node:path";
  4 | import Markdown from "react-markdown";
> 5 | import remarkGfm from "remark-gfm";
    | ^^^^^^^^^^^^^^^^^^^^^^^^^^^^^^^^^^^
  6 |
  7 | export const dynamic = "force-dynamic";
  8 |

https://nextjs.org/docs/messages/module-not-found @ http://localhost:3000/_next/static/chunks/node_modules_next_dist_1gdrd03._.js:1945
[  182985ms] [ERROR] ./apps/web/src/app/globals.css
Error evaluating Node.js code
CssSyntaxError: tailwindcss: /home/neil/Projects/LocalFinds/apps/web/src/app/globals.css:1:1: Can't resolve '@tailwindcss/typography' in '/home/neil/Projects/LocalFinds/apps/web/src/app'
    [at error (turbopack:///[project]/node_modules/postcss/lib/input.js:135:16)]
    [at error (turbopack:///[project]/node_modules/postcss/lib/node.js:146:32)]
    [at Object.Once (/home/neil/Projects/LocalFinds/node_modules/@tailwindcss/postcss/dist/index.js:10:6918)]
    [at LazyResult.runAsync (turbopack:///[project]/node_modules/postcss/lib/lazy-result.js:293:11)]
    [at transform (turbopack:///[turbopack-node]/transforms/postcss.ts:70:34)]
    [at run (turbopack:///[turbopack-node]/child_process/evaluate.ts:89:23)]

Import trace:
  Client Component Browser:
    ./apps/web/src/app/globals.css [Client Component Browser]
    ./apps/web/src/app/layout.tsx [Server Component] @ http://localhost:3000/_next/static/chunks/node_modules_next_dist_1gdrd03._.js:1945
[  182986ms] [ERROR] ./apps/web/src/app/sources/page.tsx:5:1
Module not found: Can't resolve 'remark-gfm'
  3 | import path from "node:path";
  4 | import Markdown from "react-markdown";
> 5 | import remarkGfm from "remark-gfm";
    | ^^^^^^^^^^^^^^^^^^^^^^^^^^^^^^^^^^^
  6 |
  7 | export const dynamic = "force-dynamic";
  8 |

https://nextjs.org/docs/messages/module-not-found @ http://localhost:3000/_next/static/chunks/node_modules_next_dist_1gdrd03._.js:1945
[  183051ms] [LOG] [Fast Refresh] rebuilding @ http://localhost:3000/_next/static/chunks/node_modules_next_dist_1gdrd03._.js:1226
[  184183ms] [ERROR] ./apps/web/src/app/globals.css
Error evaluating Node.js code
CssSyntaxError: tailwindcss: /home/neil/Projects/LocalFinds/apps/web/src/app/globals.css:1:1: Can't resolve '@tailwindcss/typography' in '/home/neil/Projects/LocalFinds/apps/web/src/app'
    [at error (turbopack:///[project]/node_modules/postcss/lib/input.js:135:16)]
    [at error (turbopack:///[project]/node_modules/postcss/lib/node.js:146:32)]
    [at Object.Once (/home/neil/Projects/LocalFinds/node_modules/@tailwindcss/postcss/dist/index.js:10:6918)]
    [at LazyResult.runAsync (turbopack:///[project]/node_modules/postcss/lib/lazy-result.js:293:11)]
    [at transform (turbopack:///[turbopack-node]/transforms/postcss.ts:70:34)]
    [at run (turbopack:///[turbopack-node]/child_process/evaluate.ts:89:23)]

Import trace:
  Client Component Browser:
    ./apps/web/src/app/globals.css [Client Component Browser]
    ./apps/web/src/app/layout.tsx [Server Component] @ http://localhost:3000/_next/static/chunks/node_modules_next_dist_1gdrd03._.js:1945
[  184184ms] [ERROR] ./apps/web/src/app/sources/page.tsx:5:1
Module not found: Can't resolve 'remark-gfm'
  3 | import path from "node:path";
  4 | import Markdown from "react-markdown";
> 5 | import remarkGfm from "remark-gfm";
    | ^^^^^^^^^^^^^^^^^^^^^^^^^^^^^^^^^^^
  6 |
  7 | export const dynamic = "force-dynamic";
  8 |

https://nextjs.org/docs/messages/module-not-found @ http://localhost:3000/_next/static/chunks/node_modules_next_dist_1gdrd03._.js:1945
[  184254ms] [ERROR] ./apps/web/src/app/globals.css
Error evaluating Node.js code
CssSyntaxError: tailwindcss: /home/neil/Projects/LocalFinds/apps/web/src/app/globals.css:1:1: Can't resolve '@tailwindcss/typography' in '/home/neil/Projects/LocalFinds/apps/web/src/app'
    [at error (turbopack:///[project]/node_modules/postcss/lib/input.js:135:16)]
    [at error (turbopack:///[project]/node_modules/postcss/lib/node.js:146:32)]
    [at Object.Once (/home/neil/Projects/LocalFinds/node_modules/@tailwindcss/postcss/dist/index.js:10:6918)]
    [at LazyResult.runAsync (turbopack:///[project]/node_modules/postcss/lib/lazy-result.js:293:11)]
    [at transform (turbopack:///[turbopack-node]/transforms/postcss.ts:70:34)]
    [at run (turbopack:///[turbopack-node]/child_process/evaluate.ts:89:23)]

Import trace:
  Client Component Browser:
    ./apps/web/src/app/globals.css [Client Component Browser]
    ./apps/web/src/app/layout.tsx [Server Component] @ http://localhost:3000/_next/static/chunks/node_modules_next_dist_1gdrd03._.js:1945
[  184254ms] [ERROR] ./apps/web/src/app/sources/page.tsx:5:1
Module not found: Can't resolve 'remark-gfm'
  3 | import path from "node:path";
  4 | import Markdown from "react-markdown";
> 5 | import remarkGfm from "remark-gfm";
    | ^^^^^^^^^^^^^^^^^^^^^^^^^^^^^^^^^^^
  6 |
  7 | export const dynamic = "force-dynamic";
  8 |

https://nextjs.org/docs/messages/module-not-found @ http://localhost:3000/_next/static/chunks/node_modules_next_dist_1gdrd03._.js:1945
[  184306ms] [LOG] [Fast Refresh] rebuilding @ http://localhost:3000/_next/static/chunks/node_modules_next_dist_1gdrd03._.js:1226
[  199167ms] [ERROR] ./apps/web/src/app/globals.css
Error evaluating Node.js code
CssSyntaxError: tailwindcss: /home/neil/Projects/LocalFinds/apps/web/src/app/globals.css:1:1: Can't resolve '@tailwindcss/typography' in '/home/neil/Projects/LocalFinds/apps/web/src/app'
    [at error (turbopack:///[project]/node_modules/postcss/lib/input.js:135:16)]
    [at error (turbopack:///[project]/node_modules/postcss/lib/node.js:146:32)]
    [at Object.Once (/home/neil/Projects/LocalFinds/node_modules/@tailwindcss/postcss/dist/index.js:10:6918)]
    [at LazyResult.runAsync (turbopack:///[project]/node_modules/postcss/lib/lazy-result.js:293:11)]
    [at transform (turbopack:///[turbopack-node]/transforms/postcss.ts:70:34)]
    [at run (turbopack:///[turbopack-node]/child_process/evaluate.ts:89:23)]

Import trace:
  Client Component Browser:
    ./apps/web/src/app/globals.css [Client Component Browser]
    ./apps/web/src/app/layout.tsx [Server Component] @ http://localhost:3000/_next/static/chunks/node_modules_next_dist_1gdrd03._.js:1945
[  199167ms] [ERROR] ./apps/web/src/app/sources/page.tsx:5:1
Module not found: Can't resolve 'remark-gfm'
  3 | import path from "node:path";
  4 | import Markdown from "react-markdown";
> 5 | import remarkGfm from "remark-gfm";
    | ^^^^^^^^^^^^^^^^^^^^^^^^^^^^^^^^^^^
  6 |
  7 | export const dynamic = "force-dynamic";
  8 |

https://nextjs.org/docs/messages/module-not-found @ http://localhost:3000/_next/static/chunks/node_modules_next_dist_1gdrd03._.js:1945
[  199225ms] [ERROR] ./apps/web/src/app/globals.css
Error evaluating Node.js code
CssSyntaxError: tailwindcss: /home/neil/Projects/LocalFinds/apps/web/src/app/globals.css:1:1: Can't resolve '@tailwindcss/typography' in '/home/neil/Projects/LocalFinds/apps/web/src/app'
    [at error (turbopack:///[project]/node_modules/postcss/lib/input.js:135:16)]
    [at error (turbopack:///[project]/node_modules/postcss/lib/node.js:146:32)]
    [at Object.Once (/home/neil/Projects/LocalFinds/node_modules/@tailwindcss/postcss/dist/index.js:10:6918)]
    [at LazyResult.runAsync (turbopack:///[project]/node_modules/postcss/lib/lazy-result.js:293:11)]
    [at transform (turbopack:///[turbopack-node]/transforms/postcss.ts:70:34)]
    [at run (turbopack:///[turbopack-node]/child_process/evaluate.ts:89:23)]

Import trace:
  Client Component Browser:
    ./apps/web/src/app/globals.css [Client Component Browser]
    ./apps/web/src/app/layout.tsx [Server Component] @ http://localhost:3000/_next/static/chunks/node_modules_next_dist_1gdrd03._.js:1945
[  199225ms] [ERROR] ./apps/web/src/app/sources/page.tsx:5:1
Module not found: Can't resolve 'remark-gfm'
  3 | import path from "node:path";
  4 | import Markdown from "react-markdown";
> 5 | import remarkGfm from "remark-gfm";
    | ^^^^^^^^^^^^^^^^^^^^^^^^^^^^^^^^^^^
  6 |
  7 | export const dynamic = "force-dynamic";
  8 |

https://nextjs.org/docs/messages/module-not-found @ http://localhost:3000/_next/static/chunks/node_modules_next_dist_1gdrd03._.js:1945
[  199287ms] [LOG] [Fast Refresh] rebuilding @ http://localhost:3000/_next/static/chunks/node_modules_next_dist_1gdrd03._.js:1226
[  213156ms] [ERROR] ./apps/web/src/app/globals.css
Error evaluating Node.js code
CssSyntaxError: tailwindcss: /home/neil/Projects/LocalFinds/apps/web/src/app/globals.css:1:1: Can't resolve '@tailwindcss/typography' in '/home/neil/Projects/LocalFinds/apps/web/src/app'
    [at error (turbopack:///[project]/node_modules/postcss/lib/input.js:135:16)]
    [at error (turbopack:///[project]/node_modules/postcss/lib/node.js:146:32)]
    [at Object.Once (/home/neil/Projects/LocalFinds/node_modules/@tailwindcss/postcss/dist/index.js:10:6918)]
    [at LazyResult.runAsync (turbopack:///[project]/node_modules/postcss/lib/lazy-result.js:293:11)]
    [at transform (turbopack:///[turbopack-node]/transforms/postcss.ts:70:34)]
    [at run (turbopack:///[turbopack-node]/child_process/evaluate.ts:89:23)]

Import trace:
  Client Component Browser:
    ./apps/web/src/app/globals.css [Client Component Browser]
    ./apps/web/src/app/layout.tsx [Server Component] @ http://localhost:3000/_next/static/chunks/node_modules_next_dist_1gdrd03._.js:1945
[  213157ms] [ERROR] ./apps/web/src/app/sources/page.tsx:5:1
Module not found: Can't resolve 'remark-gfm'
  3 | import path from "node:path";
  4 | import Markdown from "react-markdown";
> 5 | import remarkGfm from "remark-gfm";
    | ^^^^^^^^^^^^^^^^^^^^^^^^^^^^^^^^^^^
  6 |
  7 | export const dynamic = "force-dynamic";
  8 |

https://nextjs.org/docs/messages/module-not-found @ http://localhost:3000/_next/static/chunks/node_modules_next_dist_1gdrd03._.js:1945
[  213223ms] [ERROR] ./apps/web/src/app/globals.css
Error evaluating Node.js code
CssSyntaxError: tailwindcss: /home/neil/Projects/LocalFinds/apps/web/src/app/globals.css:1:1: Can't resolve '@tailwindcss/typography' in '/home/neil/Projects/LocalFinds/apps/web/src/app'
    [at error (turbopack:///[project]/node_modules/postcss/lib/input.js:135:16)]
    [at error (turbopack:///[project]/node_modules/postcss/lib/node.js:146:32)]
    [at Object.Once (/home/neil/Projects/LocalFinds/node_modules/@tailwindcss/postcss/dist/index.js:10:6918)]
    [at LazyResult.runAsync (turbopack:///[project]/node_modules/postcss/lib/lazy-result.js:293:11)]
    [at transform (turbopack:///[turbopack-node]/transforms/postcss.ts:70:34)]
    [at run (turbopack:///[turbopack-node]/child_process/evaluate.ts:89:23)]

Import trace:
  Client Component Browser:
    ./apps/web/src/app/globals.css [Client Component Browser]
    ./apps/web/src/app/layout.tsx [Server Component] @ http://localhost:3000/_next/static/chunks/node_modules_next_dist_1gdrd03._.js:1945
[  213223ms] [ERROR] ./apps/web/src/app/sources/page.tsx:5:1
Module not found: Can't resolve 'remark-gfm'
  3 | import path from "node:path";
  4 | import Markdown from "react-markdown";
> 5 | import remarkGfm from "remark-gfm";
    | ^^^^^^^^^^^^^^^^^^^^^^^^^^^^^^^^^^^
  6 |
  7 | export const dynamic = "force-dynamic";
  8 |

https://nextjs.org/docs/messages/module-not-found @ http://localhost:3000/_next/static/chunks/node_modules_next_dist_1gdrd03._.js:1945
[  213286ms] [LOG] [Fast Refresh] rebuilding @ http://localhost:3000/_next/static/chunks/node_modules_next_dist_1gdrd03._.js:1226
[  235134ms] [ERROR] ./apps/web/src/app/globals.css
Error evaluating Node.js code
CssSyntaxError: tailwindcss: /home/neil/Projects/LocalFinds/apps/web/src/app/globals.css:1:1: Can't resolve '@tailwindcss/typography' in '/home/neil/Projects/LocalFinds/apps/web/src/app'
    [at error (turbopack:///[project]/node_modules/postcss/lib/input.js:135:16)]
    [at error (turbopack:///[project]/node_modules/postcss/lib/node.js:146:32)]
    [at Object.Once (/home/neil/Projects/LocalFinds/node_modules/@tailwindcss/postcss/dist/index.js:10:6918)]
    [at LazyResult.runAsync (turbopack:///[project]/node_modules/postcss/lib/lazy-result.js:293:11)]
    [at transform (turbopack:///[turbopack-node]/transforms/postcss.ts:70:34)]
    [at run (turbopack:///[turbopack-node]/child_process/evaluate.ts:89:23)]

Import trace:
  Client Component Browser:
    ./apps/web/src/app/globals.css [Client Component Browser]
    ./apps/web/src/app/layout.tsx [Server Component] @ http://localhost:3000/_next/static/chunks/node_modules_next_dist_1gdrd03._.js:1945
[  235135ms] [ERROR] ./apps/web/src/app/sources/page.tsx:5:1
Module not found: Can't resolve 'remark-gfm'
  3 | import path from "node:path";
  4 | import Markdown from "react-markdown";
> 5 | import remarkGfm from "remark-gfm";
    | ^^^^^^^^^^^^^^^^^^^^^^^^^^^^^^^^^^^
  6 |
  7 | export const dynamic = "force-dynamic";
  8 |

https://nextjs.org/docs/messages/module-not-found @ http://localhost:3000/_next/static/chunks/node_modules_next_dist_1gdrd03._.js:1945
[  235146ms] [LOG] [Fast Refresh] rebuilding @ http://localhost:3000/_next/static/chunks/node_modules_next_dist_1gdrd03._.js:1226
[  237021ms] [ERROR] ./apps/web/src/app/globals.css
Error evaluating Node.js code
CssSyntaxError: tailwindcss: /home/neil/Projects/LocalFinds/apps/web/src/app/globals.css:1:1: Can't resolve '@tailwindcss/typography' in '/home/neil/Projects/LocalFinds/apps/web/src/app'
    [at error (turbopack:///[project]/node_modules/postcss/lib/input.js:135:16)]
    [at error (turbopack:///[project]/node_modules/postcss/lib/node.js:146:32)]
    [at Object.Once (/home/neil/Projects/LocalFinds/node_modules/@tailwindcss/postcss/dist/index.js:10:6918)]
    [at LazyResult.runAsync (turbopack:///[project]/node_modules/postcss/lib/lazy-result.js:293:11)]
    [at transform (turbopack:///[turbopack-node]/transforms/postcss.ts:70:34)]
    [at run (turbopack:///[turbopack-node]/child_process/evaluate.ts:89:23)]

Import trace:
  Client Component Browser:
    ./apps/web/src/app/globals.css [Client Component Browser]
    ./apps/web/src/app/layout.tsx [Server Component] @ http://localhost:3000/_next/static/chunks/node_modules_next_dist_1gdrd03._.js:1945
[  237021ms] [ERROR] ./apps/web/src/app/sources/page.tsx:5:1
Module not found: Can't resolve 'remark-gfm'
  3 | import path from "node:path";
  4 | import Markdown from "react-markdown";
> 5 | import remarkGfm from "remark-gfm";
    | ^^^^^^^^^^^^^^^^^^^^^^^^^^^^^^^^^^^
  6 |
  7 | export const dynamic = "force-dynamic";
  8 |

https://nextjs.org/docs/messages/module-not-found @ http://localhost:3000/_next/static/chunks/node_modules_next_dist_1gdrd03._.js:1945
[  237146ms] [LOG] [Fast Refresh] rebuilding @ http://localhost:3000/_next/static/chunks/node_modules_next_dist_1gdrd03._.js:1226
[  239576ms] [ERROR] ./apps/web/src/app/globals.css
Error evaluating Node.js code
CssSyntaxError: tailwindcss: /home/neil/Projects/LocalFinds/apps/web/src/app/globals.css:1:1: Can't resolve '@tailwindcss/typography' in '/home/neil/Projects/LocalFinds/apps/web/src/app'
    [at error (turbopack:///[project]/node_modules/postcss/lib/input.js:135:16)]
    [at error (turbopack:///[project]/node_modules/postcss/lib/node.js:146:32)]
    [at Object.Once (/home/neil/Projects/LocalFinds/node_modules/@tailwindcss/postcss/dist/index.js:10:6918)]
    [at LazyResult.runAsync (turbopack:///[project]/node_modules/postcss/lib/lazy-result.js:293:11)]
    [at transform (turbopack:///[turbopack-node]/transforms/postcss.ts:70:34)]
    [at run (turbopack:///[turbopack-node]/child_process/evaluate.ts:89:23)]

Import trace:
  Client Component Browser:
    ./apps/web/src/app/globals.css [Client Component Browser]
    ./apps/web/src/app/layout.tsx [Server Component] @ http://localhost:3000/_next/static/chunks/node_modules_next_dist_1gdrd03._.js:1945
[  239675ms] [ERROR] ./apps/web/src/app/globals.css
Error evaluating Node.js code
CssSyntaxError: tailwindcss: /home/neil/Projects/LocalFinds/apps/web/src/app/globals.css:1:1: Can't resolve '@tailwindcss/typography' in '/home/neil/Projects/LocalFinds/apps/web/src/app'
    [at error (turbopack:///[project]/node_modules/postcss/lib/input.js:135:16)]
    [at error (turbopack:///[project]/node_modules/postcss/lib/node.js:146:32)]
    [at Object.Once (/home/neil/Projects/LocalFinds/node_modules/@tailwindcss/postcss/dist/index.js:10:6918)]
    [at LazyResult.runAsync (turbopack:///[project]/node_modules/postcss/lib/lazy-result.js:293:11)]
    [at transform (turbopack:///[turbopack-node]/transforms/postcss.ts:70:34)]
    [at run (turbopack:///[turbopack-node]/child_process/evaluate.ts:89:23)]

Import trace:
  Client Component Browser:
    ./apps/web/src/app/globals.css [Client Component Browser]
    ./apps/web/src/app/layout.tsx [Server Component] @ http://localhost:3000/_next/static/chunks/node_modules_next_dist_1gdrd03._.js:1945
[  239697ms] [LOG] [Fast Refresh] rebuilding @ http://localhost:3000/_next/static/chunks/node_modules_next_dist_1gdrd03._.js:1226
[  239730ms] [ERROR] Failed to load resource: the server responded with a status of 500 (Internal Server Error) @ http://localhost:3000/sources:0
[  240139ms] [INFO] %cDownload the React DevTools for a better development experience: https://react.dev/link/react-devtools font-weight:bold @ http://localhost:3000/_next/static/chunks/node_modules_react-dom_0kla17-._.js:15305
[  240408ms] Error: ./apps/web/src/app/globals.css
Error evaluating Node.js code
CssSyntaxError: tailwindcss: /home/neil/Projects/LocalFinds/apps/web/src/app/globals.css:1:1: Can't resolve '@tailwindcss/typography' in '/home/neil/Projects/LocalFinds/apps/web/src/app'
    [at error (turbopack:///[project]/node_modules/postcss/lib/input.js:135:16)]
    [at error (turbopack:///[project]/node_modules/postcss/lib/node.js:146:32)]
    [at Object.Once (/home/neil/Projects/LocalFinds/node_modules/@tailwindcss/postcss/dist/index.js:10:6918)]
    [at LazyResult.runAsync (turbopack:///[project]/node_modules/postcss/lib/lazy-result.js:293:11)]
    [at transform (turbopack:///[turbopack-node]/transforms/postcss.ts:70:34)]
    [at run (turbopack:///[turbopack-node]/child_process/evaluate.ts:89:23)]

Import trace:
  Client Component Browser:
    ./apps/web/src/app/globals.css [Client Component Browser]
    ./apps/web/src/app/layout.tsx [Server Component]


    at Object.getCompilationErrors (file:///home/neil/Projects/LocalFinds/node_modules/next/dist/server/dev/hot-reloader-turbopack.js:1186:59)
    at DevBundlerService.getCompilationError (file:///home/neil/Projects/LocalFinds/node_modules/next/dist/server/lib/dev-bundler-service.js:44:55)
    at DevServer.getCompilationError (file:///home/neil/Projects/LocalFinds/node_modules/next/dist/server/dev/next-dev-server.js:720:42)
    at DevServer.findPageComponents (file:///home/neil/Projects/LocalFinds/node_modules/next/dist/server/dev/next-dev-server.js:690:43)
    at async DevServer.renderErrorToResponseImpl (file:///home/neil/Projects/LocalFinds/node_modules/next/dist/server/base-server.js:1753:26)
[  240355ms] [LOG] [HMR] connected @ http://localhost:3000/_next/static/chunks/node_modules_next_dist_1gdrd03._.js:1226
[  240369ms] [ERROR] ./apps/web/src/app/globals.css
Error evaluating Node.js code
CssSyntaxError: tailwindcss: /home/neil/Projects/LocalFinds/apps/web/src/app/globals.css:1:1: Can't resolve '@tailwindcss/typography' in '/home/neil/Projects/LocalFinds/apps/web/src/app'
    [at error (turbopack:///[project]/node_modules/postcss/lib/input.js:135:16)]
    [at error (turbopack:///[project]/node_modules/postcss/lib/node.js:146:32)]
    [at Object.Once (/home/neil/Projects/LocalFinds/node_modules/@tailwindcss/postcss/dist/index.js:10:6918)]
    [at LazyResult.runAsync (turbopack:///[project]/node_modules/postcss/lib/lazy-result.js:293:11)]
    [at transform (turbopack:///[turbopack-node]/transforms/postcss.ts:70:34)]
    [at run (turbopack:///[turbopack-node]/child_process/evaluate.ts:89:23)]

Import trace:
  Client Component Browser:
    ./apps/web/src/app/globals.css [Client Component Browser]
    ./apps/web/src/app/layout.tsx [Server Component] @ http://localhost:3000/_next/static/chunks/node_modules_next_dist_1gdrd03._.js:1945
[  240370ms] [ERROR] ./apps/web/src/app/globals.css
Error evaluating Node.js code
CssSyntaxError: tailwindcss: /home/neil/Projects/LocalFinds/apps/web/src/app/globals.css:1:1: Can't resolve '@tailwindcss/typography' in '/home/neil/Projects/LocalFinds/apps/web/src/app'
    [at error (turbopack:///[project]/node_modules/postcss/lib/input.js:135:16)]
    [at error (turbopack:///[project]/node_modules/postcss/lib/node.js:146:32)]
    [at Object.Once (/home/neil/Projects/LocalFinds/node_modules/@tailwindcss/postcss/dist/index.js:10:6918)]
    [at LazyResult.runAsync (turbopack:///[project]/node_modules/postcss/lib/lazy-result.js:293:11)]
    [at transform (turbopack:///[turbopack-node]/transforms/postcss.ts:70:34)]
    [at run (turbopack:///[turbopack-node]/child_process/evaluate.ts:89:23)]

Import trace:
  Client Component Browser:
    ./apps/web/src/app/globals.css [Client Component Browser]
    ./apps/web/src/app/layout.tsx [Server Component] @ http://localhost:3000/_next/static/chunks/node_modules_next_dist_1gdrd03._.js:1945
[  240455ms] [ERROR] ./apps/web/src/app/globals.css
Error evaluating Node.js code
CssSyntaxError: tailwindcss: /home/neil/Projects/LocalFinds/apps/web/src/app/globals.css:1:1: Can't resolve '@tailwindcss/typography' in '/home/neil/Projects/LocalFinds/apps/web/src/app'
    [at error (turbopack:///[project]/node_modules/postcss/lib/input.js:135:16)]
    [at error (turbopack:///[project]/node_modules/postcss/lib/node.js:146:32)]
    [at Object.Once (/home/neil/Projects/LocalFinds/node_modules/@tailwindcss/postcss/dist/index.js:10:6918)]
    [at LazyResult.runAsync (turbopack:///[project]/node_modules/postcss/lib/lazy-result.js:293:11)]
    [at transform (turbopack:///[turbopack-node]/transforms/postcss.ts:70:34)]
    [at run (turbopack:///[turbopack-node]/child_process/evaluate.ts:89:23)]

Import trace:
  Client Component Browser:
    ./apps/web/src/app/globals.css [Client Component Browser]
    ./apps/web/src/app/layout.tsx [Server Component] @ http://localhost:3000/_next/static/chunks/node_modules_next_dist_1gdrd03._.js:1945
[  240525ms] [LOG] [Fast Refresh] rebuilding @ http://localhost:3000/_next/static/chunks/node_modules_next_dist_1gdrd03._.js:1226
[  242084ms] [ERROR] ./apps/web/src/app/globals.css
Error evaluating Node.js code
CssSyntaxError: tailwindcss: /home/neil/Projects/LocalFinds/apps/web/src/app/globals.css:1:1: Can't resolve '@tailwindcss/typography' in '/home/neil/Projects/LocalFinds/apps/web/src/app'
    [at error (turbopack:///[project]/node_modules/postcss/lib/input.js:135:16)]
    [at error (turbopack:///[project]/node_modules/postcss/lib/node.js:146:32)]
    [at Object.Once (/home/neil/Projects/LocalFinds/node_modules/@tailwindcss/postcss/dist/index.js:10:6918)]
    [at LazyResult.runAsync (turbopack:///[project]/node_modules/postcss/lib/lazy-result.js:293:11)]
    [at transform (turbopack:///[turbopack-node]/transforms/postcss.ts:70:34)]
    [at run (turbopack:///[turbopack-node]/child_process/evaluate.ts:89:23)]

Import trace:
  Client Component Browser:
    ./apps/web/src/app/globals.css [Client Component Browser]
    ./apps/web/src/app/layout.tsx [Server Component] @ http://localhost:3000/_next/static/chunks/node_modules_next_dist_1gdrd03._.js:1945
[  242116ms] [LOG] [Fast Refresh] rebuilding @ http://localhost:3000/_next/static/chunks/node_modules_next_dist_1gdrd03._.js:1226
[  254930ms] [ERROR] ./apps/web/src/app/globals.css
Error evaluating Node.js code
CssSyntaxError: tailwindcss: /home/neil/Projects/LocalFinds/apps/web/src/app/globals.css:1:1: Can't resolve '@tailwindcss/typography' in '/home/neil/Projects/LocalFinds/apps/web/src/app'
    [at error (turbopack:///[project]/node_modules/postcss/lib/input.js:135:16)]
    [at error (turbopack:///[project]/node_modules/postcss/lib/node.js:146:32)]
    [at Object.Once (/home/neil/Projects/LocalFinds/node_modules/@tailwindcss/postcss/dist/index.js:10:6918)]
    [at LazyResult.runAsync (turbopack:///[project]/node_modules/postcss/lib/lazy-result.js:293:11)]
    [at transform (turbopack:///[turbopack-node]/transforms/postcss.ts:70:34)]
    [at run (turbopack:///[turbopack-node]/child_process/evaluate.ts:89:23)]

Import trace:
  Client Component Browser:
    ./apps/web/src/app/globals.css [Client Component Browser]
    ./apps/web/src/app/layout.tsx [Server Component] @ http://localhost:3000/_next/static/chunks/node_modules_next_dist_1gdrd03._.js:1945
[  254957ms] [LOG] [Fast Refresh] rebuilding @ http://localhost:3000/_next/static/chunks/node_modules_next_dist_1gdrd03._.js:1226
[  274443ms] [ERROR] ./apps/web/src/app/globals.css
Error evaluating Node.js code
CssSyntaxError: tailwindcss: /home/neil/Projects/LocalFinds/apps/web/src/app/globals.css:1:1: Can't resolve '@tailwindcss/typography' in '/home/neil/Projects/LocalFinds/apps/web/src/app'
    [at error (turbopack:///[project]/node_modules/postcss/lib/input.js:135:16)]
    [at error (turbopack:///[project]/node_modules/postcss/lib/node.js:146:32)]
    [at Object.Once (/home/neil/Projects/LocalFinds/node_modules/@tailwindcss/postcss/dist/index.js:10:6918)]
    [at LazyResult.runAsync (turbopack:///[project]/node_modules/postcss/lib/lazy-result.js:293:11)]
    [at transform (turbopack:///[turbopack-node]/transforms/postcss.ts:70:34)]
    [at run (turbopack:///[turbopack-node]/child_process/evaluate.ts:89:23)]

Import trace:
  Client Component Browser:
    ./apps/web/src/app/globals.css [Client Component Browser]
    ./apps/web/src/app/layout.tsx [Server Component] @ http://localhost:3000/_next/static/chunks/node_modules_next_dist_1gdrd03._.js:1945
[  274480ms] [LOG] [Fast Refresh] rebuilding @ http://localhost:3000/_next/static/chunks/node_modules_next_dist_1gdrd03._.js:1226
[  276589ms] [ERROR] ./apps/web/src/app/globals.css
Error evaluating Node.js code
CssSyntaxError: tailwindcss: /home/neil/Projects/LocalFinds/apps/web/src/app/globals.css:1:1: Can't resolve '@tailwindcss/typography' in '/home/neil/Projects/LocalFinds/apps/web/src/app'
    [at error (turbopack:///[project]/node_modules/postcss/lib/input.js:135:16)]
    [at error (turbopack:///[project]/node_modules/postcss/lib/node.js:146:32)]
    [at Object.Once (/home/neil/Projects/LocalFinds/node_modules/@tailwindcss/postcss/dist/index.js:10:6918)]
    [at LazyResult.runAsync (turbopack:///[project]/node_modules/postcss/lib/lazy-result.js:293:11)]
    [at transform (turbopack:///[turbopack-node]/transforms/postcss.ts:70:34)]
    [at run (turbopack:///[turbopack-node]/child_process/evaluate.ts:89:23)]

Import trace:
  Client Component Browser:
    ./apps/web/src/app/globals.css [Client Component Browser]
    ./apps/web/src/app/layout.tsx [Server Component] @ http://localhost:3000/_next/static/chunks/node_modules_next_dist_1gdrd03._.js:1945
[  276652ms] [LOG] [Fast Refresh] rebuilding @ http://localhost:3000/_next/static/chunks/node_modules_next_dist_1gdrd03._.js:1226
